<?xml version="1.0" encoding="UTF-8"?>
<!-- Generated by org.testng.reporters.JUnitXMLReporter -->
<testsuite ignored="0" hostname="3324-TEC" failures="0" tests="3" name="Tests" time="116.521" errors="0" timestamp="2026-04-14T20:27:49 EET">
  <testcase classname="tests.wifitest" name="wifisettingName" time="13.271"/>
  <testcase classname="tests.wifitest" name="wifisettingName" time="13.517"/>
  <testcase classname="tests.wifitest" name="wifisettingName" time="13.303"/>
</testsuite> <!-- Tests -->
