<?xml version="1.0" encoding="UTF-8"?>
<!-- Generated by org.testng.reporters.JUnitXMLReporter -->
<testsuite ignored="0" hostname="3324-TEC" failures="0" tests="3" name="Tests" time="128.631" errors="0" timestamp="2026-04-14T22:00:40 EET">
  <testcase classname="tests.wifitest" name="wifisettingName" time="13.216"/>
  <testcase classname="tests.wifitest" name="wifisettingName" time="12.961"/>
  <testcase classname="tests.wifitest" name="wifisettingName" time="13.471"/>
</testsuite> <!-- Tests -->
