<?xml version="1.0" encoding="UTF-8"?>
<testsuite xmlns:xsi="http://www.w3.org/2001/XMLSchema-instance" xsi:noNamespaceSchemaLocation="https://maven.apache.org/surefire/maven-surefire-plugin/xsd/surefire-test-report-3.0.xsd" version="3.0" name="TestSuite" time="132.82" tests="3" errors="0" skipped="0" failures="0">
  <properties>
[...]
</properties>
  <testcase name="wifisettingName[Ebraam_123](1)" classname="tests.wifitest" time="13.242">
    <system-out><![CDATA[21:59:02 INFO  Base.BaseTest - App Launched!
21:59:03 INFO  Pages.HomePage - Trying to Click on Preference Button
21:59:04 INFO  Pages.HomePage - Click on Preference Button DONE
21:59:05 INFO  Pages.PreferencePage - Trying to Click on Preference Dependency Button
21:59:07 INFO  Pages.PreferencePage - Click on Preference Dependency Button DONE
21:59:08 INFO  Pages.WifiPage - Trying to Click on Wifi Checkbox
21:59:08 INFO  Pages.WifiPage - Click on Wifi Checkbox DONE
21:59:09 INFO  Pages.WifiPage - Trying to Click on WiFi Settings Button
21:59:11 INFO  Pages.WifiPage - Click on WiFi Settings Button DONE
21:59:12 INFO  Pages.WifiPage - Text from WiFi Settings Title = WiFi settings
21:59:13 INFO  Pages.WifiPage - Verifying: WiFi Settings Title
21:59:13 INFO  Pages.WifiPage - Expected: WiFi settings | Actual: WiFi settings
21:59:13 INFO  Pages.WifiPage - Assertion PASSED for: WiFi Settings Title
21:59:13 INFO  tests.wifitest - Running test with WiFi Name: Ebraam_123
21:59:13 INFO  Pages.WifiPage - Trying to Set text in WiFi Data Field
21:59:14 INFO  Pages.WifiPage - Set text in WiFi Data Field DONE
21:59:14 INFO  Pages.WifiPage - Trying to Click on OK Button
21:59:15 INFO  Pages.WifiPage - Click on OK Button DONE
]]></system-out>
    <system-err><![CDATA[SLF4J(W): No SLF4J providers were found.
SLF4J(W): Defaulting to no-operation (NOP) logger implementation
SLF4J(W): See https://www.slf4j.org/codes.html#noProviders for further details.
]]></system-err>
  </testcase>
  <testcase name="wifisettingName[TestWifi](2)" classname="tests.wifitest" time="12.982">
    <system-out><![CDATA[21:59:18 INFO  Base.BaseTest - Driver Closed
21:59:43 INFO  Base.BaseTest - App Launched!
21:59:43 INFO  Pages.HomePage - Trying to Click on Preference Button
21:59:45 INFO  Pages.HomePage - Click on Preference Button DONE
21:59:46 INFO  Pages.PreferencePage - Trying to Click on Preference Dependency Button
21:59:46 INFO  Pages.PreferencePage - Click on Preference Dependency Button DONE
21:59:47 INFO  Pages.WifiPage - Trying to Click on Wifi Checkbox
21:59:49 INFO  Pages.WifiPage - Click on Wifi Checkbox DONE
21:59:49 INFO  Pages.WifiPage - Trying to Click on WiFi Settings Button
21:59:52 INFO  Pages.WifiPage - Click on WiFi Settings Button DONE
21:59:53 INFO  Pages.WifiPage - Text from WiFi Settings Title = WiFi settings
21:59:54 INFO  Pages.WifiPage - Verifying: WiFi Settings Title
21:59:54 INFO  Pages.WifiPage - Expected: WiFi settings | Actual: WiFi settings
21:59:54 INFO  Pages.WifiPage - Assertion PASSED for: WiFi Settings Title
21:59:54 INFO  tests.wifitest - Running test with WiFi Name: TestWifi
21:59:54 INFO  Pages.WifiPage - Trying to Set text in WiFi Data Field
21:59:54 INFO  Pages.WifiPage - Set text in WiFi Data Field DONE
21:59:55 INFO  Pages.WifiPage - Trying to Click on OK Button
21:59:55 INFO  Pages.WifiPage - Click on OK Button DONE
]]></system-out>
  </testcase>
  <testcase name="wifisettingName[QA_2026](3)" classname="tests.wifitest" time="13.477">
    <system-out><![CDATA[21:59:58 INFO  Base.BaseTest - Driver Closed
22:00:24 INFO  Base.BaseTest - App Launched!
22:00:24 INFO  Pages.HomePage - Trying to Click on Preference Button
22:00:26 INFO  Pages.HomePage - Click on Preference Button DONE
22:00:27 INFO  Pages.PreferencePage - Trying to Click on Preference Dependency Button
22:00:29 INFO  Pages.PreferencePage - Click on Preference Dependency Button DONE
22:00:30 INFO  Pages.WifiPage - Trying to Click on Wifi Checkbox
22:00:30 INFO  Pages.WifiPage - Click on Wifi Checkbox DONE
22:00:31 INFO  Pages.WifiPage - Trying to Click on WiFi Settings Button
22:00:34 INFO  Pages.WifiPage - Click on WiFi Settings Button DONE
22:00:35 INFO  Pages.WifiPage - Text from WiFi Settings Title = WiFi settings
22:00:36 INFO  Pages.WifiPage - Verifying: WiFi Settings Title
22:00:36 INFO  Pages.WifiPage - Expected: WiFi settings | Actual: WiFi settings
22:00:36 INFO  Pages.WifiPage - Assertion PASSED for: WiFi Settings Title
22:00:36 INFO  tests.wifitest - Running test with WiFi Name: QA_2026
22:00:36 INFO  Pages.WifiPage - Trying to Set text in WiFi Data Field
22:00:36 INFO  Pages.WifiPage - Set text in WiFi Data Field DONE
22:00:37 INFO  Pages.WifiPage - Trying to Click on OK Button
22:00:37 INFO  Pages.WifiPage - Click on OK Button DONE
]]></system-out>
  </testcase>
</testsuite>