<?xml version="1.0" encoding="UTF-8"?>
<testng-results ignored="0" total="3" passed="3" failed="0" skipped="0">
  <reporter-output>
  </reporter-output>
  <suite started-at="2026-04-14T21:58:31 EET" name="Suite" finished-at="2026-04-14T22:00:40 EET" duration-ms="128631">
    <groups>
    </groups>
    <test started-at="2026-04-14T21:58:31 EET" name="Tests" finished-at="2026-04-14T22:00:40 EET" duration-ms="128631">
      <class name="tests.wifitest">
        <test-method is-config="true" signature="setup()[pri:0, instance:tests.wifitest@52a33c3f]" started-at="2026-04-14T21:58:34 EET" name="setup" finished-at="2026-04-14T21:59:02 EET" duration-ms="28065" status="PASS">
          <reporter-output>
          </reporter-output>
        </test-method> <!-- setup -->
        <test-method signature="wifisettingName(java.lang.String)[pri:0, instance:tests.wifitest@52a33c3f]" started-at="2026-04-14T21:59:02 EET" name="wifisettingName" data-provider="wifiData" finished-at="2026-04-14T21:59:16 EET" duration-ms="13216" status="PASS">
          <params>
            <param index="0">
              <value>
                <![CDATA[Ebraam_123]]>
              </value>
            </param>
          </params>
          <reporter-output>
          </reporter-output>
        </test-method> <!-- wifisettingName -->
        <test-method is-config="true" signature="tearDown(org.testng.ITestResult)[pri:0, instance:tests.wifitest@52a33c3f]" started-at="2026-04-14T21:59:16 EET" name="tearDown" finished-at="2026-04-14T21:59:18 EET" duration-ms="2284" status="PASS">
          <params>
            <param index="0">
              <value>
                <![CDATA[[TestResult name=wifisettingName status=SUCCESS method=wifitest.wifisettingName(java.lang.String)[pri:0, instance:tests.wifitest@52a33c3f] output={null}]]]>
              </value>
            </param>
          </params>
          <reporter-output>
          </reporter-output>
        </test-method> <!-- tearDown -->
        <test-method is-config="true" signature="setup()[pri:0, instance:tests.wifitest@52a33c3f]" started-at="2026-04-14T21:59:18 EET" name="setup" finished-at="2026-04-14T21:59:43 EET" duration-ms="25279" status="PASS">
          <reporter-output>
          </reporter-output>
        </test-method> <!-- setup -->
        <test-method signature="wifisettingName(java.lang.String)[pri:0, instance:tests.wifitest@52a33c3f]" started-at="2026-04-14T21:59:43 EET" name="wifisettingName" data-provider="wifiData" finished-at="2026-04-14T21:59:56 EET" duration-ms="12961" status="PASS">
          <params>
            <param index="0">
              <value>
                <![CDATA[TestWifi]]>
              </value>
            </param>
          </params>
          <reporter-output>
          </reporter-output>
        </test-method> <!-- wifisettingName -->
        <test-method is-config="true" signature="tearDown(org.testng.ITestResult)[pri:0, instance:tests.wifitest@52a33c3f]" started-at="2026-04-14T21:59:56 EET" name="tearDown" finished-at="2026-04-14T21:59:58 EET" duration-ms="2203" status="PASS">
          <params>
            <param index="0">
              <value>
                <![CDATA[[TestResult name=wifisettingName status=SUCCESS method=wifitest.wifisettingName(java.lang.String)[pri:0, instance:tests.wifitest@52a33c3f] output={null}]]]>
              </value>
            </param>
          </params>
          <reporter-output>
          </reporter-output>
        </test-method> <!-- tearDown -->
        <test-method is-config="true" signature="setup()[pri:0, instance:tests.wifitest@52a33c3f]" started-at="2026-04-14T21:59:58 EET" name="setup" finished-at="2026-04-14T22:00:24 EET" duration-ms="25898" status="PASS">
          <reporter-output>
          </reporter-output>
        </test-method> <!-- setup -->
        <test-method signature="wifisettingName(java.lang.String)[pri:0, instance:tests.wifitest@52a33c3f]" started-at="2026-04-14T22:00:24 EET" name="wifisettingName" data-provider="wifiData" finished-at="2026-04-14T22:00:38 EET" duration-ms="13471" status="PASS">
          <params>
            <param index="0">
              <value>
                <![CDATA[QA_2026]]>
              </value>
            </param>
          </params>
          <reporter-output>
          </reporter-output>
        </test-method> <!-- wifisettingName -->
        <test-method is-config="true" signature="tearDown(org.testng.ITestResult)[pri:0, instance:tests.wifitest@52a33c3f]" started-at="2026-04-14T22:00:38 EET" name="tearDown" finished-at="2026-04-14T22:00:40 EET" duration-ms="2244" status="PASS">
          <params>
            <param index="0">
              <value>
                <![CDATA[[TestResult name=wifisettingName status=SUCCESS method=wifitest.wifisettingName(java.lang.String)[pri:0, instance:tests.wifitest@52a33c3f] output={null}]]]>
              </value>
            </param>
          </params>
          <reporter-output>
          </reporter-output>
        </test-method> <!-- tearDown -->
      </class> <!-- tests.wifitest -->
    </test> <!-- Tests -->
  </suite> <!-- Suite -->
</testng-results>
