<?xml version="1.0" encoding="UTF-8"?>
<testng-results ignored="0" total="3" passed="3" failed="0" skipped="0">
  <reporter-output>
  </reporter-output>
  <suite started-at="2026-04-14T20:25:52 EET" name="Suite" finished-at="2026-04-14T20:27:49 EET" duration-ms="116521">
    <groups>
    </groups>
    <test started-at="2026-04-14T20:25:52 EET" name="Tests" finished-at="2026-04-14T20:27:49 EET" duration-ms="116521">
      <class name="tests.wifitest">
        <test-method is-config="true" signature="setup()[pri:0, instance:tests.wifitest@999b951]" started-at="2026-04-14T20:25:54 EET" name="setup" finished-at="2026-04-14T20:26:18 EET" duration-ms="24045" status="PASS">
          <reporter-output>
          </reporter-output>
        </test-method> <!-- setup -->
        <test-method signature="wifisettingName(java.lang.String)[pri:0, instance:tests.wifitest@999b951]" started-at="2026-04-14T20:26:18 EET" name="wifisettingName" data-provider="wifiData" finished-at="2026-04-14T20:26:31 EET" duration-ms="13271" status="PASS">
          <params>
            <param index="0">
              <value>
                <![CDATA[Ebraam_123]]>
              </value>
            </param>
          </params>
          <reporter-output>
          </reporter-output>
        </test-method> <!-- wifisettingName -->
        <test-method is-config="true" signature="tearDown(org.testng.ITestResult)[pri:0, instance:tests.wifitest@999b951]" started-at="2026-04-14T20:26:31 EET" name="tearDown" finished-at="2026-04-14T20:26:34 EET" duration-ms="2310" status="PASS">
          <params>
            <param index="0">
              <value>
                <![CDATA[[TestResult name=wifisettingName status=SUCCESS method=wifitest.wifisettingName(java.lang.String)[pri:0, instance:tests.wifitest@999b951] output={null}]]]>
              </value>
            </param>
          </params>
          <reporter-output>
          </reporter-output>
        </test-method> <!-- tearDown -->
        <test-method is-config="true" signature="setup()[pri:0, instance:tests.wifitest@999b951]" started-at="2026-04-14T20:26:34 EET" name="setup" finished-at="2026-04-14T20:26:56 EET" duration-ms="22151" status="PASS">
          <reporter-output>
          </reporter-output>
        </test-method> <!-- setup -->
        <test-method signature="wifisettingName(java.lang.String)[pri:0, instance:tests.wifitest@999b951]" started-at="2026-04-14T20:26:56 EET" name="wifisettingName" data-provider="wifiData" finished-at="2026-04-14T20:27:09 EET" duration-ms="13517" status="PASS">
          <params>
            <param index="0">
              <value>
                <![CDATA[TestWifi]]>
              </value>
            </param>
          </params>
          <reporter-output>
          </reporter-output>
        </test-method> <!-- wifisettingName -->
        <test-method is-config="true" signature="tearDown(org.testng.ITestResult)[pri:0, instance:tests.wifitest@999b951]" started-at="2026-04-14T20:27:09 EET" name="tearDown" finished-at="2026-04-14T20:27:12 EET" duration-ms="2263" status="PASS">
          <params>
            <param index="0">
              <value>
                <![CDATA[[TestResult name=wifisettingName status=SUCCESS method=wifitest.wifisettingName(java.lang.String)[pri:0, instance:tests.wifitest@999b951] output={null}]]]>
              </value>
            </param>
          </params>
          <reporter-output>
          </reporter-output>
        </test-method> <!-- tearDown -->
        <test-method is-config="true" signature="setup()[pri:0, instance:tests.wifitest@999b951]" started-at="2026-04-14T20:27:12 EET" name="setup" finished-at="2026-04-14T20:27:33 EET" duration-ms="21728" status="PASS">
          <reporter-output>
          </reporter-output>
        </test-method> <!-- setup -->
        <test-method signature="wifisettingName(java.lang.String)[pri:0, instance:tests.wifitest@999b951]" started-at="2026-04-14T20:27:33 EET" name="wifisettingName" data-provider="wifiData" finished-at="2026-04-14T20:27:47 EET" duration-ms="13303" status="PASS">
          <params>
            <param index="0">
              <value>
                <![CDATA[QA_2026]]>
              </value>
            </param>
          </params>
          <reporter-output>
          </reporter-output>
        </test-method> <!-- wifisettingName -->
        <test-method is-config="true" signature="tearDown(org.testng.ITestResult)[pri:0, instance:tests.wifitest@999b951]" started-at="2026-04-14T20:27:47 EET" name="tearDown" finished-at="2026-04-14T20:27:49 EET" duration-ms="2213" status="PASS">
          <params>
            <param index="0">
              <value>
                <![CDATA[[TestResult name=wifisettingName status=SUCCESS method=wifitest.wifisettingName(java.lang.String)[pri:0, instance:tests.wifitest@999b951] output={null}]]]>
              </value>
            </param>
          </params>
          <reporter-output>
          </reporter-output>
        </test-method> <!-- tearDown -->
      </class> <!-- tests.wifitest -->
    </test> <!-- Tests -->
  </suite> <!-- Suite -->
</testng-results>
