<?xml version="1.0" encoding="UTF-8"?>
<!-- Generated by org.testng.reporters.JUnitReportReporter -->
<testsuite hostname="3324-TEC" failures="0" tests="3" name="tests.wifitest" time="114.801" errors="0" timestamp="2026-04-14T20:27:49 EET" skipped="0">
  <testcase classname="tests.wifitest" name="wifisettingName" time="37.212"/>
  <system-out/>
  <testcase classname="tests.wifitest" name="wifisettingName" time="39.825"/>
  <system-out/>
  <testcase classname="tests.wifitest" name="wifisettingName" time="37.764"/>
  <system-out/>
</testsuite> <!-- tests.wifitest -->
