<?xml version="1.0" encoding="UTF-8"?>
<!-- Generated by org.testng.reporters.JUnitReportReporter -->
<testsuite hostname="3324-TEC" failures="0" tests="3" name="tests.wifitest" time="125.621" errors="0" timestamp="2026-04-14T22:00:40 EET" skipped="0">
  <testcase classname="tests.wifitest" name="wifisettingName" time="40.484"/>
  <system-out/>
  <testcase classname="tests.wifitest" name="wifisettingName" time="43.739"/>
  <system-out/>
  <testcase classname="tests.wifitest" name="wifisettingName" time="41.398"/>
  <system-out/>
</testsuite> <!-- tests.wifitest -->
